src/di/admin.di.ts(3,33): error TS2307: Cannot find module '../repositories/admin.repository.ts' or its corresponding type declarations.
src/di/admin.di.ts(8,34): error TS2307: Cannot find module '../repositories/doctor.repository.ts' or its corresponding type declarations.
src/di/auth.di.ts(10,33): error TS2307: Cannot find module '../repositories/admin.repository.ts' or its corresponding type declarations.
src/di/auth.di.ts(11,34): error TS2307: Cannot find module '../repositories/doctor.repository.ts' or its corresponding type declarations.
src/di/doctor.di.ts(3,34): error TS2307: Cannot find module '../repositories/doctor.repository.ts' or its corresponding type declarations.
src/di/superAdmin.di.ts(8,31): error TS2307: Cannot find module '../repositories/superAdminKyc.repository.ts' or its corresponding type declarations.
src/services/admin.service.ts(1,33): error TS2307: Cannot find module '../repositories/admin.repository.ts' or its corresponding type declarations.
src/services/admin.service.ts(135,31): error TS7006: Parameter 'admin' implicitly has an 'any' type.
src/services/admin.service.ts(135,60): error TS7006: Parameter 'admin' implicitly has an 'any' type.
src/services/auth/auth.service.ts(5,33): error TS2307: Cannot find module '../../repositories/admin.repository.ts' or its corresponding type declarations.
src/services/auth/auth.service.ts(6,34): error TS2307: Cannot find module '../../repositories/doctor.repository.ts' or its corresponding type declarations.
src/services/doctor.service.ts(1,34): error TS2307: Cannot find module '../repositories/doctor.repository.ts' or its corresponding type declarations.
src/services/doctorManagement.service.ts(1,33): error TS2307: Cannot find module '../repositories/admin.repository.ts' or its corresponding type declarations.
src/services/doctorManagement.service.ts(5,34): error TS2307: Cannot find module '../repositories/doctor.repository.ts' or its corresponding type declarations.
src/services/otp.service.ts(5,33): error TS2307: Cannot find module '../repositories/admin.repository.ts' or its corresponding type declarations.
src/services/otp.service.ts(6,34): error TS2307: Cannot find module '../repositories/doctor.repository.ts' or its corresponding type declarations.
src/services/patient.service.ts(23,36): error TS2339: Property 'findWithPagination' does not exist on type 'UserRepository'.
src/services/patientManagement.service.ts(1,33): error TS2307: Cannot find module '../repositories/admin.repository.ts' or its corresponding type declarations.
src/services/superAdmin.service.ts(5,31): error TS2307: Cannot find module '../repositories/superAdminKyc.repository.ts' or its corresponding type declarations.
src/services/superAdmin.service.ts(15,44): error TS2339: Property 'findByEmailWithPassword' does not exist on type 'SuperAdminRepository'.
src/services/superAdminkyc.service.ts(1,31): error TS2307: Cannot find module '../repositories/superAdminKyc.repository.ts' or its corresponding type declarations.
